<?xml version="1.0" encoding="UTF-8"?>
<testsuite xmlns:xsi="http://www.w3.org/2001/XMLSchema-instance" xsi:noNamespaceSchemaLocation="https://maven.apache.org/surefire/maven-surefire-plugin/xsd/surefire-test-report.xsd" name="TestSuite" time="40.276" tests="1" errors="0" skipped="0" failures="1">
  <properties>
[...]
</properties>
  <testcase name="loginPageTest" classname="Sample.Sikuli.AppTest" time="30.829">
    <failure message="unknown error: cannot determine loading status&#10;from disconnected: received Inspector.detached event&#10;  (Session info: chrome=86.0.4240.111)&#10;Build info: version: &apos;3.141.59&apos;, revision: &apos;e82be7d358&apos;, time: &apos;2018-11-14T08:17:03&apos;&#10;System info: host: &apos;DESKTOP-I3M0GBF&apos;, ip: &apos;192.168.1.9&apos;, os.name: &apos;Windows 10&apos;, os.arch: &apos;amd64&apos;, os.version: &apos;10.0&apos;, java.version: &apos;1.8.0_211&apos;&#10;Driver info: org.openqa.selenium.chrome.ChromeDriver&#10;Capabilities {acceptInsecureCerts: false, browserName: chrome, browserVersion: 86.0.4240.111, chrome: {chromedriverVersion: 85.0.4183.83 (94abc2237ae0c..., userDataDir: C:\Users\rarumuga\AppData\L...}, goog:chromeOptions: {debuggerAddress: localhost:61494}, javascriptEnabled: true, networkConnectionEnabled: false, pageLoadStrategy: normal, platform: WINDOWS, platformName: WINDOWS, proxy: Proxy(), setWindowRect: true, strictFileInteractability: false, timeouts: {implicit: 0, pageLoad: 300000, script: 30000}, unhandledPromptBehavior: dismiss and notify, webauthn:virtualAuthenticators: true}&#10;Session ID: 76c9e3eee671073db9893768e3a5573a" type="org.openqa.selenium.WebDriverException">org.openqa.selenium.WebDriverException: 
unknown error: cannot determine loading status
from disconnected: received Inspector.detached event
  (Session info: chrome=86.0.4240.111)
Build info: version: '3.141.59', revision: 'e82be7d358', time: '2018-11-14T08:17:03'
System info: host: 'DESKTOP-I3M0GBF', ip: '192.168.1.9', os.name: 'Windows 10', os.arch: 'amd64', os.version: '10.0', java.version: '1.8.0_211'
Driver info: org.openqa.selenium.chrome.ChromeDriver
Capabilities {acceptInsecureCerts: false, browserName: chrome, browserVersion: 86.0.4240.111, chrome: {chromedriverVersion: 85.0.4183.83 (94abc2237ae0c..., userDataDir: C:\Users\rarumuga\AppData\L...}, goog:chromeOptions: {debuggerAddress: localhost:61494}, javascriptEnabled: true, networkConnectionEnabled: false, pageLoadStrategy: normal, platform: WINDOWS, platformName: WINDOWS, proxy: Proxy(), setWindowRect: true, strictFileInteractability: false, timeouts: {implicit: 0, pageLoad: 300000, script: 30000}, unhandledPromptBehavior: dismiss and notify, webauthn:virtualAuthenticators: true}
Session ID: 76c9e3eee671073db9893768e3a5573a
	at Sample.Sikuli.AppTest.loginPageTest(AppTest.java:34)
</failure>
    <system-out><![CDATA[chrome
]]></system-out>
    <system-err><![CDATA[Starting ChromeDriver 85.0.4183.83 (94abc2237ae0c9a4cb5f035431c8adfb94324633-refs/branch-heads/4183@{#1658}) on port 11943
Only local connections are allowed.
Please see https://chromedriver.chromium.org/security-considerations for suggestions on keeping ChromeDriver safe.
ChromeDriver was started successfully.
[1603792822.637][WARNING]: This version of ChromeDriver has not been tested with Chrome version 86.
Oct 27, 2020 3:30:24 PM org.openqa.selenium.remote.ProtocolHandshake createSession
INFO: Detected dialect: W3C
Oct 27, 2020 3:30:25 PM org.bridj.BridJ log
INFO: Registering type org.sikuli.util.SysJNA$WinKernel32
Oct 27, 2020 3:30:25 PM org.bridj.BridJ log
INFO: Registering type org.bridj.TimeT
Oct 27, 2020 3:30:25 PM org.bridj.BridJ log
INFO: Registering type org.bridj.TimeT$timeval_customizer
Oct 27, 2020 3:30:25 PM org.bridj.BridJ log
INFO: Registering type org.bridj.StructIO$DefaultCustomizer
Oct 27, 2020 3:30:25 PM org.bridj.BridJ log
INFO: Registering type org.bridj.TimeT$timeval
Oct 27, 2020 3:30:25 PM org.bridj.BridJ log
INFO: Registering type org.bridj.StructObject
Oct 27, 2020 3:30:25 PM org.bridj.BridJ log
INFO: Registering type org.bridj.NativeObject
Oct 27, 2020 3:30:25 PM org.bridj.BridJ log
INFO: Registering type org.bridj.AbstractIntegral
Oct 27, 2020 3:30:25 PM org.bridj.BridJ log
INFO: Registering type java.lang.Number
]]></system-err>
  </testcase>
</testsuite>